[28-Sep-2025 11:57:03 UTC] PHP Warning:  include(database.php): Failed to open stream: No such file or directory in C:\Users\25192\hilcoe\year2\term 3\web design and dev1\Lab Project\HTML and CSS\Login\login.php on line 8
[28-Sep-2025 11:57:03 UTC] PHP Warning:  include(): Failed opening 'database.php' for inclusion (include_path='.;C:\php\pear') in C:\Users\25192\hilcoe\year2\term 3\web design and dev1\Lab Project\HTML and CSS\Login\login.php on line 8
[28-Sep-2025 11:57:03 UTC] PHP Warning:  Undefined variable $conn in C:\Users\25192\hilcoe\year2\term 3\web design and dev1\Lab Project\HTML and CSS\Login\login.php on line 35
[28-Sep-2025 11:57:03 UTC] PHP Fatal error:  Uncaught Error: Call to a member function prepare() on null in C:\Users\25192\hilcoe\year2\term 3\web design and dev1\Lab Project\HTML and CSS\Login\login.php:35
Stack trace:
#0 {main}
  thrown in C:\Users\25192\hilcoe\year2\term 3\web design and dev1\Lab Project\HTML and CSS\Login\login.php on line 35
[28-Sep-2025 12:01:45 UTC] PHP Warning:  include(database.php): Failed to open stream: No such file or directory in C:\Users\25192\hilcoe\year2\term 3\web design and dev1\Lab Project\HTML and CSS\Login\login.php on line 8
[28-Sep-2025 12:01:45 UTC] PHP Warning:  include(): Failed opening 'database.php' for inclusion (include_path='.;C:\php\pear') in C:\Users\25192\hilcoe\year2\term 3\web design and dev1\Lab Project\HTML and CSS\Login\login.php on line 8
[28-Sep-2025 12:01:45 UTC] PHP Warning:  Undefined variable $conn in C:\Users\25192\hilcoe\year2\term 3\web design and dev1\Lab Project\HTML and CSS\Login\login.php on line 35
[28-Sep-2025 12:01:45 UTC] PHP Fatal error:  Uncaught Error: Call to a member function prepare() on null in C:\Users\25192\hilcoe\year2\term 3\web design and dev1\Lab Project\HTML and CSS\Login\login.php:35
Stack trace:
#0 {main}
  thrown in C:\Users\25192\hilcoe\year2\term 3\web design and dev1\Lab Project\HTML and CSS\Login\login.php on line 35
[28-Sep-2025 12:06:58 UTC] PHP Warning:  include(database.php): Failed to open stream: No such file or directory in C:\Users\25192\hilcoe\year2\term 3\web design and dev1\Lab Project\HTML and CSS\Login\login.php on line 8
[28-Sep-2025 12:06:58 UTC] PHP Warning:  include(): Failed opening 'database.php' for inclusion (include_path='.;C:\php\pear') in C:\Users\25192\hilcoe\year2\term 3\web design and dev1\Lab Project\HTML and CSS\Login\login.php on line 8
[28-Sep-2025 12:06:58 UTC] PHP Warning:  Undefined variable $conn in C:\Users\25192\hilcoe\year2\term 3\web design and dev1\Lab Project\HTML and CSS\Login\login.php on line 35
[28-Sep-2025 12:06:58 UTC] PHP Fatal error:  Uncaught Error: Call to a member function prepare() on null in C:\Users\25192\hilcoe\year2\term 3\web design and dev1\Lab Project\HTML and CSS\Login\login.php:35
Stack trace:
#0 {main}
  thrown in C:\Users\25192\hilcoe\year2\term 3\web design and dev1\Lab Project\HTML and CSS\Login\login.php on line 35
